<?xml version="1.0" encoding="UTF-8"?>
<!-- Generated by org.testng.reporters.JUnitReportReporter -->
<testsuite skipped="1" hostname="AC-G2MBHV2Q-MBP" name="networkTest.ReconfigureWifiTest" tests="1" failures="0" timestamp="2020-04-23T11:37:55 EDT" time="15.153" errors="0">
  <testcase name="revertWifiNetwork" time="15.153" classname="networkTest.ReconfigureWifiTest">
    <skipped/>
  </testcase> <!-- revertWifiNetwork -->
  <system-out/>
</testsuite> <!-- networkTest.ReconfigureWifiTest -->
